Static server running at http://localhost:8888/
Press Ctrl+C to stop.
[HEAD] /
[GET] /
[GET] /images/mismatch-alert.png
[GET] /images/screen-dashboard.png
[GET] /images/rojnica-field-ops.png
[GET] /favicon.ico
[GET] /images/screen-dashboard.png
[GET] /parkbeheer.html
[GET] /app.html
[GET] /app.html
[GET] /app.html
[GET] /images/stakeholder-notes.png
[GET] /app.html
[GET] /images/wireframes.png
[GET] /images/brand-guidelines.png
[GET] /images/parkit-logo.png
[GET] /app.html
[GET] /images/sketch-dashboard.png
[GET] /app.html
[GET] /images/design-variations.png
[GET] /images/before-after.png
[GET] /app.html
[GET] /app.html
[GET] /images/design-system.png
[GET] /app.html
[GET] /images/screen-dashboard.png
[GET] /app.html
[GET] /app.html
[GET] /images/screen-detail.png
[GET] /images/screen-list.png
[GET] /images/screen-map.png
[GET] /images/screen-lots.png
[GET] /images/screen-onboarding.png
[GET] /images/screen-dataviz.png
[GET] /images/screen-ia.png
[GET] /images/feature-dashboard.png
[GET] /images/feature-map.png
[GET] /images/feature-datatable.png
[GET] /images/testing-insights.png
[GET] /images/user-testing.png
[GET] /images/outcome-celebration.png
[GET] /styles.css
[GET] /styles.css
[GET] /app.js
[GET] /app.js
[GET] /styles.css
[GET] /app.js
[GET] /styles.css
[GET] /app.js
[GET] /styles.css
[GET] /app.js
[GET] /styles.css
[GET] /app.js
[GET] /styles.css
[GET] /app.js
[GET] /styles.css
[GET] /app.js
[GET] /styles.css
[GET] /app.js
[GET] /styles.css
[GET] /app.js
[GET] /styles.css
[GET] /app.js
[GET] /images/sketch-dashboard.png
[GET] /images/brand-guidelines.png
[GET] /images/design-variations.png
[GET] /images/design-system.png
[GET] /images/screen-dashboard.png
[GET] /images/mismatch-alert.png
[GET] /chargeur.html
[GET] /images/mismatch-alert.png
[GET] /images/map.png
[GET] /images/carousel.png
[GET] /images/legacy-console.png
[GET] /images/legacy-spreadsheet.png
[GET] /images/commander-ui.png
[GET] /images/design-system.png
[GET] /images/screen-dashboard.png
[GET] /prahari.html
[GET] /prahari-app.html
[GET] /prahari-app.html
[GET] /images/prahari-radar-vehicle.png
[GET] /images/prahari-soldiers.webp
[GET] /images/prahari-drone-ops.jpeg
[GET] /prahari-app.html
[GET] /prahari-app.html
[GET] /prahari-app.html
[GET] /prahari-app.html
[GET] /prahari-app.html
[GET] /images/rojnica-field-ops.png
[GET] /rojnica.html
[GET] /images/rojnica-drone-spec.png
[GET] /images/rojnica-legacy-planning.png
[GET] /images/rojnica-spray-diagram.png
[GET] /images/rojnica-sortie-cycle.png
[GET] /images/rojnica-field-visit.png
[GET] /images/rojnica-operator-tablet.png
[GET] /rojnica-app.html
[GET] /rojnica-app.html
[GET] /rojnica-app.html
[GET] /images/satellite-map-light.png
[GET] /images/satellite-map-dark.png
[GET] /images/rojnica-sortie-cycle.png
[GET] /rojnica-app.html
[GET] /rojnica-app.html
[GET] /rojnica-app.html
[GET] /rojnica-app.html
[GET] /images/satellite-map-light.png
[GET] /images/satellite-map-light.png
[GET] /images/satellite-map-light.png
[GET] /images/satellite-map-light.png
[GET] /rojnica-app.html
[GET] /rojnica-app.html
[GET] /rojnica-app.html
[GET] /images/satellite-map-dark.png
[GET] /rojnica-app.html
[GET] /images/satellite-map-dark.png
[GET] /images/satellite-map-dark.png
[GET] /rojnica-app.html
[GET] /images/satellite-map-dark.png
[GET] /prahari.html
[GET] /prahari-app.html
[GET] /images/prahari-radar-vehicle.png
[GET] /images/prahari-soldiers.webp
[GET] /images/prahari-drone-ops.jpeg
[GET] /prahari-app.html
[GET] /prahari-app.html
[GET] /prahari-app.html
[GET] /prahari-app.html
[GET] /prahari-app.html
[GET] /prahari-app.html
[GET] /images/screen-dashboard.png
[GET] /images/mismatch-alert.png
[GET] /chargeur.html
[GET] /images/mismatch-alert.png
[GET] /images/map.png
[GET] /images/carousel.png
[GET] /images/legacy-console.png
[GET] /images/legacy-spreadsheet.png
[GET] /images/commander-ui.png
[GET] /images/design-system.png
[GET] /index.html
[HEAD] /parkbeheer.html
[HEAD] /chargeur.html
[HEAD] /rojnica.html
[GET] /
[GET] /images/screen-dashboard.png
[GET] /images/mismatch-alert.png
[GET] /images/rojnica-field-ops.png
[GET] /favicon.ico
[GET] /chargeur
[GET] /images/screen-dashboard.png
[GET] /images/mismatch-alert.png
[GET] /images/rojnica-field-ops.png
[GET] /chargeur
[GET] /images/screen-dashboard.png
[GET] /images/mismatch-alert.png
[GET] /images/rojnica-field-ops.png
[GET] /chargeur
[GET] /images/screen-dashboard.png
[GET] /images/mismatch-alert.png
[GET] /images/rojnica-field-ops.png
[GET] /chargeur
[GET] /images/screen-dashboard.png
[GET] /images/mismatch-alert.png
[GET] /images/rojnica-field-ops.png
[GET] /prahari
[GET] /images/screen-dashboard.png
[GET] /images/mismatch-alert.png
[GET] /images/rojnica-field-ops.png
[GET] /chargeur
[GET] /images/screen-dashboard.png
[GET] /images/mismatch-alert.png
[GET] /images/rojnica-field-ops.png
[GET] /rojnica
[GET] /images/screen-dashboard.png
[GET] /images/mismatch-alert.png
[GET] /images/rojnica-field-ops.png
